[2020-10-23 11:58:55.524] [info] State file is  /home/muhrizkiakbar/.config/advanced-rest-client/workspace/workspace.json
[2020-10-23 11:58:55.771] [info] Restoring workspace data from /home/muhrizkiakbar/.config/advanced-rest-client/workspace/workspace.json
[2020-10-23 11:58:56.561] [info] Restored workspace data from /home/muhrizkiakbar/.config/advanced-rest-client/workspace/workspace.json
[2020-10-23 11:59:24.487] [info] Storing workspace data to /home/muhrizkiakbar/.config/advanced-rest-client/workspace/workspace.json
[2020-10-23 11:59:25.035] [info] Storing workspace data to /home/muhrizkiakbar/.config/advanced-rest-client/workspace/workspace.json
[2020-10-23 11:59:25.652] [info] Storing workspace data to /home/muhrizkiakbar/.config/advanced-rest-client/workspace/workspace.json
[2020-10-23 11:59:27.785] [info] Storing workspace data to /home/muhrizkiakbar/.config/advanced-rest-client/workspace/workspace.json
[2020-10-23 11:59:28.418] [info] Storing workspace data to /home/muhrizkiakbar/.config/advanced-rest-client/workspace/workspace.json
[2020-10-23 11:59:29.071] [info] Storing workspace data to /home/muhrizkiakbar/.config/advanced-rest-client/workspace/workspace.json
[2020-10-23 11:59:30.116] [info] Storing workspace data to /home/muhrizkiakbar/.config/advanced-rest-client/workspace/workspace.json
[2020-10-23 11:59:30.655] [info] Storing workspace data to /home/muhrizkiakbar/.config/advanced-rest-client/workspace/workspace.json
[2020-10-23 11:59:31.166] [info] Storing workspace data to /home/muhrizkiakbar/.config/advanced-rest-client/workspace/workspace.json
[2020-10-23 11:59:31.850] [info] Storing workspace data to /home/muhrizkiakbar/.config/advanced-rest-client/workspace/workspace.json
[2020-10-23 11:59:32.932] [info] Storing workspace data to /home/muhrizkiakbar/.config/advanced-rest-client/workspace/workspace.json
[2020-10-23 11:59:33.548] [info] Storing workspace data to /home/muhrizkiakbar/.config/advanced-rest-client/workspace/workspace.json
[2020-10-23 11:59:34.115] [info] Storing workspace data to /home/muhrizkiakbar/.config/advanced-rest-client/workspace/workspace.json
[2020-10-23 11:59:35.016] [info] Storing workspace data to /home/muhrizkiakbar/.config/advanced-rest-client/workspace/workspace.json
[2020-10-23 11:59:35.875] [info] Storing workspace data to /home/muhrizkiakbar/.config/advanced-rest-client/workspace/workspace.json
[2020-10-23 11:59:36.030] [info] Processing status
[2020-10-23 11:59:36.037] [info] Received status 200 OK
[2020-10-23 11:59:36.039] [info] Processing headers
[2020-10-23 11:59:36.041] [info] Received headers list Server: nginx
Date: Fri, 23 Oct 2020 03:59:36 GMT
Content-Type: application/json; charset=utf-8
Content-Length: 5639
Connection: keep-alive
[2020-10-23 11:59:36.712] [info] Storing workspace data to /home/muhrizkiakbar/.config/advanced-rest-client/workspace/workspace.json
[2020-10-23 11:59:48.185] [info] Storing workspace data to /home/muhrizkiakbar/.config/advanced-rest-client/workspace/workspace.json
[2020-10-23 11:59:56.902] [info] Processing status
[2020-10-23 11:59:56.904] [info] Received status 404 Not Found
[2020-10-23 11:59:56.906] [info] Processing headers
[2020-10-23 11:59:56.907] [info] Received headers list Server: nginx
Date: Fri, 23 Oct 2020 03:59:48 GMT
Content-Type: application/json; charset=utf-8
Content-Length: 105
Connection: keep-alive
[2020-10-23 11:59:57.055] [info] Storing workspace data to /home/muhrizkiakbar/.config/advanced-rest-client/workspace/workspace.json
[2020-10-23 11:59:57.057] [info] Processing status
[2020-10-23 11:59:57.059] [info] Received status 200 OK
[2020-10-23 11:59:57.063] [info] Processing headers
[2020-10-23 11:59:57.065] [info] Received headers list Server: nginx
Date: Fri, 23 Oct 2020 03:59:57 GMT
Content-Type: application/json; charset=utf-8
Content-Length: 248
Connection: keep-alive
[2020-10-23 11:59:57.694] [info] Storing workspace data to /home/muhrizkiakbar/.config/advanced-rest-client/workspace/workspace.json
[2020-10-23 12:55:40.537] [info] Storing workspace data to /home/muhrizkiakbar/.config/advanced-rest-client/workspace/workspace.json
[2020-10-23 12:57:11.898] [info] Storing workspace data to /home/muhrizkiakbar/.config/advanced-rest-client/workspace/workspace.json
[2020-10-23 12:57:11.901] [info] Processing status
[2020-10-23 12:57:11.903] [info] Received status 200 OK
[2020-10-23 12:57:11.903] [info] Processing headers
[2020-10-23 12:57:11.904] [info] Received headers list Server: nginx
Date: Fri, 23 Oct 2020 04:56:59 GMT
Content-Type: application/json; charset=utf-8
Content-Length: 248
Connection: keep-alive
[2020-10-23 12:57:12.665] [info] Storing workspace data to /home/muhrizkiakbar/.config/advanced-rest-client/workspace/workspace.json
[2020-10-23 12:57:12.667] [info] Processing status
[2020-10-23 12:57:12.669] [info] Received status 404 Not Found
[2020-10-23 12:57:12.670] [info] Processing headers
[2020-10-23 12:57:12.671] [info] Received headers list Server: nginx
Date: Fri, 23 Oct 2020 04:57:12 GMT
Content-Type: application/json; charset=utf-8
Content-Length: 89
Connection: keep-alive
[2020-10-23 12:57:13.242] [info] Storing workspace data to /home/muhrizkiakbar/.config/advanced-rest-client/workspace/workspace.json
[2020-10-23 12:57:16.649] [info] Storing workspace data to /home/muhrizkiakbar/.config/advanced-rest-client/workspace/workspace.json
[2020-10-23 12:57:16.653] [info] Processing status
[2020-10-23 12:57:16.654] [info] Received status 200 OK
[2020-10-23 12:57:16.655] [info] Processing headers
[2020-10-23 12:57:16.656] [info] Received headers list Server: nginx
Date: Fri, 23 Oct 2020 04:57:16 GMT
Content-Type: application/json; charset=utf-8
Content-Length: 5639
Connection: keep-alive
[2020-10-23 12:57:17.446] [info] Storing workspace data to /home/muhrizkiakbar/.config/advanced-rest-client/workspace/workspace.json
[2020-10-23 12:57:36.909] [info] Storing workspace data to /home/muhrizkiakbar/.config/advanced-rest-client/workspace/workspace.json
[2020-10-23 12:57:37.616] [info] Storing workspace data to /home/muhrizkiakbar/.config/advanced-rest-client/workspace/workspace.json
[2020-10-23 12:57:38.380] [info] Storing workspace data to /home/muhrizkiakbar/.config/advanced-rest-client/workspace/workspace.json
[2020-10-23 12:57:44.136] [info] Processing status
[2020-10-23 12:57:44.138] [info] Received status 200 OK
[2020-10-23 12:57:44.140] [info] Processing headers
[2020-10-23 12:57:44.141] [info] Received headers list Server: nginx
Date: Fri, 23 Oct 2020 04:57:38 GMT
Content-Type: application/json; charset=utf-8
Content-Length: 235
Connection: keep-alive
[2020-10-23 12:57:44.841] [info] Storing workspace data to /home/muhrizkiakbar/.config/advanced-rest-client/workspace/workspace.json
[2020-10-23 13:11:24.722] [info] Processing status
[2020-10-23 13:11:24.723] [info] Received status 502 Bad Gateway
[2020-10-23 13:11:24.724] [info] Processing headers
[2020-10-23 13:11:24.724] [info] Received headers list Server: nginx
Date: Fri, 23 Oct 2020 05:11:24 GMT
Content-Type: text/html
Content-Length: 166
Connection: keep-alive
[2020-10-23 13:11:25.363] [info] Storing workspace data to /home/muhrizkiakbar/.config/advanced-rest-client/workspace/workspace.json
[2020-10-23 13:11:33.244] [info] Processing status
[2020-10-23 13:11:33.245] [info] Received status 200 OK
[2020-10-23 13:11:33.247] [info] Processing headers
[2020-10-23 13:11:33.249] [info] Received headers list Server: nginx
Date: Fri, 23 Oct 2020 05:11:33 GMT
Content-Type: application/json; charset=utf-8
Content-Length: 235
Connection: keep-alive
[2020-10-23 13:11:33.881] [info] Storing workspace data to /home/muhrizkiakbar/.config/advanced-rest-client/workspace/workspace.json
[2020-10-23 13:11:51.844] [info] Storing workspace data to /home/muhrizkiakbar/.config/advanced-rest-client/workspace/workspace.json
[2020-10-23 13:11:53.290] [info] Storing workspace data to /home/muhrizkiakbar/.config/advanced-rest-client/workspace/workspace.json
[2020-10-23 13:11:54.379] [info] Storing workspace data to /home/muhrizkiakbar/.config/advanced-rest-client/workspace/workspace.json
[2020-10-23 13:11:56.384] [info] Storing workspace data to /home/muhrizkiakbar/.config/advanced-rest-client/workspace/workspace.json
[2020-10-23 13:11:57.849] [info] Storing workspace data to /home/muhrizkiakbar/.config/advanced-rest-client/workspace/workspace.json
[2020-10-23 13:12:58.482] [info] Storing workspace data to /home/muhrizkiakbar/.config/advanced-rest-client/workspace/workspace.json
[2020-10-23 13:13:00.916] [info] Storing workspace data to /home/muhrizkiakbar/.config/advanced-rest-client/workspace/workspace.json
[2020-10-23 13:13:02.787] [info] Storing workspace data to /home/muhrizkiakbar/.config/advanced-rest-client/workspace/workspace.json
[2020-10-23 13:13:03.315] [info] Storing workspace data to /home/muhrizkiakbar/.config/advanced-rest-client/workspace/workspace.json
[2020-10-23 13:13:04.020] [info] Storing workspace data to /home/muhrizkiakbar/.config/advanced-rest-client/workspace/workspace.json
[2020-10-23 13:13:04.639] [info] Storing workspace data to /home/muhrizkiakbar/.config/advanced-rest-client/workspace/workspace.json
[2020-10-23 13:13:05.141] [info] Storing workspace data to /home/muhrizkiakbar/.config/advanced-rest-client/workspace/workspace.json
[2020-10-23 13:13:05.754] [info] Storing workspace data to /home/muhrizkiakbar/.config/advanced-rest-client/workspace/workspace.json
[2020-10-23 13:13:06.408] [info] Storing workspace data to /home/muhrizkiakbar/.config/advanced-rest-client/workspace/workspace.json
[2020-10-23 13:13:07.420] [info] Storing workspace data to /home/muhrizkiakbar/.config/advanced-rest-client/workspace/workspace.json
[2020-10-23 13:13:07.967] [info] Storing workspace data to /home/muhrizkiakbar/.config/advanced-rest-client/workspace/workspace.json
[2020-10-23 13:13:08.551] [info] Storing workspace data to /home/muhrizkiakbar/.config/advanced-rest-client/workspace/workspace.json
[2020-10-23 13:13:09.186] [info] Storing workspace data to /home/muhrizkiakbar/.config/advanced-rest-client/workspace/workspace.json
[2020-10-23 13:13:09.701] [info] Storing workspace data to /home/muhrizkiakbar/.config/advanced-rest-client/workspace/workspace.json
[2020-10-23 13:13:10.435] [info] Storing workspace data to /home/muhrizkiakbar/.config/advanced-rest-client/workspace/workspace.json
[2020-10-23 13:13:11.933] [info] Storing workspace data to /home/muhrizkiakbar/.config/advanced-rest-client/workspace/workspace.json
[2020-10-23 13:13:12.480] [info] Storing workspace data to /home/muhrizkiakbar/.config/advanced-rest-client/workspace/workspace.json
[2020-10-23 13:13:13.606] [info] Storing workspace data to /home/muhrizkiakbar/.config/advanced-rest-client/workspace/workspace.json
[2020-10-23 13:13:15.317] [info] Storing workspace data to /home/muhrizkiakbar/.config/advanced-rest-client/workspace/workspace.json
[2020-10-23 13:13:15.953] [info] Storing workspace data to /home/muhrizkiakbar/.config/advanced-rest-client/workspace/workspace.json
[2020-10-23 13:13:16.073] [info] Processing status
[2020-10-23 13:13:16.074] [info] Received status 302 Found
[2020-10-23 13:13:16.075] [info] Processing headers
[2020-10-23 13:13:16.076] [info] Received headers list Date: Fri, 23 Oct 2020 05:13:16 GMT
Server: Apache
Location: https://simpeg.kalselprov.go.id/api/satker
Content-Length: 226
Content-Type: text/html; charset=iso-8859-1
[2020-10-23 13:13:16.440] [info] Processing status
[2020-10-23 13:13:16.444] [info] Received status 200 OK
[2020-10-23 13:13:16.445] [info] Processing headers
[2020-10-23 13:13:16.446] [info] Received headers list Date: Fri, 23 Oct 2020 05:13:16 GMT
Server: Apache
Set-Cookie: cookiesys=68965b6e188733beb6711958302f4098; expires=Fri, 23-Oct-2020 07:13:16 GMT; Max-Age=7200; path=/
Set-Cookie: core_session=3f0pr1543p82oilv8ov9d2mlpo987n74; expires=Fri, 23-Oct-2020 07:13:16 GMT; Max-Age=7200; path=/; HttpOnly
Expires: Thu, 19 Nov 1981 08:52:00 GMT
Cache-Control: no-store, no-cache, must-revalidate
Pragma: no-cache
Transfer-Encoding: chunked
Content-Type: application/json; charset=utf-8
[2020-10-23 13:13:20.381] [info] Storing workspace data to /home/muhrizkiakbar/.config/advanced-rest-client/workspace/workspace.json
[2020-10-23 13:24:27.618] [info] Storing workspace data to /home/muhrizkiakbar/.config/advanced-rest-client/workspace/workspace.json
[2020-10-23 13:24:27.621] [info] Processing status
[2020-10-23 13:24:27.622] [info] Received status 302 Found
[2020-10-23 13:24:27.622] [info] Processing headers
[2020-10-23 13:24:27.623] [info] Received headers list Date: Fri, 23 Oct 2020 05:24:22 GMT
Server: Apache
Location: https://simpeg.kalselprov.go.id/api/satker
Content-Length: 226
Content-Type: text/html; charset=iso-8859-1
[2020-10-23 13:24:28.067] [info] Processing status
[2020-10-23 13:24:28.068] [info] Received status 200 OK
[2020-10-23 13:24:28.068] [info] Processing headers
[2020-10-23 13:24:28.069] [info] Received headers list Date: Fri, 23 Oct 2020 05:24:27 GMT
Server: Apache
Set-Cookie: cookiesys=68965b6e188733beb6711958302f4098; expires=Fri, 23-Oct-2020 07:24:27 GMT; Max-Age=7200; path=/
Set-Cookie: core_session=vg9jbeqmb521mo06ueek7su40ec2flqg; expires=Fri, 23-Oct-2020 07:24:27 GMT; Max-Age=7200; path=/; HttpOnly
Expires: Thu, 19 Nov 1981 08:52:00 GMT
Cache-Control: no-store, no-cache, must-revalidate
Pragma: no-cache
Transfer-Encoding: chunked
Content-Type: application/json; charset=utf-8
[2020-10-23 13:24:28.450] [info] Processing status
[2020-10-23 13:24:28.452] [info] Received status 200 OK
[2020-10-23 13:24:28.453] [info] Processing headers
[2020-10-23 13:24:28.454] [info] Received headers list Server: nginx
Date: Fri, 23 Oct 2020 05:24:28 GMT
Content-Type: application/json; charset=utf-8
Content-Length: 235
Connection: keep-alive
[2020-10-23 13:24:29.865] [info] Storing workspace data to /home/muhrizkiakbar/.config/advanced-rest-client/workspace/workspace.json
[2020-10-23 14:00:51.512] [info] State file is  /home/muhrizkiakbar/.config/advanced-rest-client/workspace/workspace.json
[2020-10-23 14:00:51.776] [info] Restoring workspace data from /home/muhrizkiakbar/.config/advanced-rest-client/workspace/workspace.json
[2020-10-23 14:00:52.204] [info] Restored workspace data from /home/muhrizkiakbar/.config/advanced-rest-client/workspace/workspace.json
[2020-10-23 14:00:59.573] [info] Storing workspace data to /home/muhrizkiakbar/.config/advanced-rest-client/workspace/workspace.json
[2020-10-23 14:01:52.938] [info] Storing workspace data to /home/muhrizkiakbar/.config/advanced-rest-client/workspace/workspace.json
[2020-10-23 14:20:02.530] [info] Storing workspace data to /home/muhrizkiakbar/.config/advanced-rest-client/workspace/workspace.json
[2020-10-23 14:20:04.593] [info] Storing workspace data to /home/muhrizkiakbar/.config/advanced-rest-client/workspace/workspace.json
[2020-10-23 14:20:50.320] [info] Processing status
[2020-10-23 14:20:50.323] [info] Received status 200 OK
[2020-10-23 14:20:50.324] [info] Processing headers
[2020-10-23 14:20:50.326] [info] Received headers list Server: nginx
Date: Fri, 23 Oct 2020 06:20:36 GMT
Content-Type: application/json; charset=utf-8
Content-Length: 5675
Connection: keep-alive
[2020-10-23 14:20:50.995] [info] Storing workspace data to /home/muhrizkiakbar/.config/advanced-rest-client/workspace/workspace.json
[2020-10-23 14:22:27.806] [info] Processing status
[2020-10-23 14:22:27.806] [info] Received status 502 Bad Gateway
[2020-10-23 14:22:27.807] [info] Processing headers
[2020-10-23 14:22:27.808] [info] Received headers list Server: nginx
Date: Fri, 23 Oct 2020 06:22:27 GMT
Content-Type: text/html
Content-Length: 166
Connection: keep-alive
[2020-10-23 14:22:29.309] [info] Storing workspace data to /home/muhrizkiakbar/.config/advanced-rest-client/workspace/workspace.json
[2020-10-23 14:23:12.802] [info] Processing status
[2020-10-23 14:23:12.808] [info] Received status 200 OK
[2020-10-23 14:23:12.818] [info] Processing headers
[2020-10-23 14:23:12.822] [info] Received headers list Server: nginx
Date: Fri, 23 Oct 2020 06:23:11 GMT
Content-Type: application/json; charset=utf-8
Content-Length: 5702
Connection: keep-alive
[2020-10-23 14:23:13.484] [info] Storing workspace data to /home/muhrizkiakbar/.config/advanced-rest-client/workspace/workspace.json
[2020-10-23 14:23:26.548] [info] Storing workspace data to /home/muhrizkiakbar/.config/advanced-rest-client/workspace/workspace.json
[2020-10-23 14:23:27.503] [info] Storing workspace data to /home/muhrizkiakbar/.config/advanced-rest-client/workspace/workspace.json
[2020-10-23 14:23:56.746] [info] Processing status
[2020-10-23 14:23:56.750] [info] Received status 200 OK
[2020-10-23 14:23:56.752] [info] Processing headers
[2020-10-23 14:23:56.753] [info] Received headers list Server: nginx
Date: Fri, 23 Oct 2020 06:23:48 GMT
Content-Type: application/json; charset=utf-8
Content-Length: 242
Connection: keep-alive
[2020-10-23 14:23:58.267] [info] Storing workspace data to /home/muhrizkiakbar/.config/advanced-rest-client/workspace/workspace.json
[2020-10-23 16:33:22.860] [info] State file is  /home/muhrizkiakbar/.config/advanced-rest-client/workspace/workspace.json
[2020-10-23 16:33:23.101] [info] Restoring workspace data from /home/muhrizkiakbar/.config/advanced-rest-client/workspace/workspace.json
[2020-10-23 16:33:23.483] [info] Restored workspace data from /home/muhrizkiakbar/.config/advanced-rest-client/workspace/workspace.json
[2020-10-23 16:33:26.663] [info] Storing workspace data to /home/muhrizkiakbar/.config/advanced-rest-client/workspace/workspace.json
[2020-10-23 16:33:28.960] [info] Storing workspace data to /home/muhrizkiakbar/.config/advanced-rest-client/workspace/workspace.json
[2020-10-23 16:33:30.596] [info] Processing status
[2020-10-23 16:33:30.599] [info] Received status 200 OK
[2020-10-23 16:33:30.601] [info] Processing headers
[2020-10-23 16:33:30.603] [info] Received headers list Date: Fri, 23 Oct 2020 08:33:30 GMT
Server: Apache
Set-Cookie: cookiesys=68965b6e188733beb6711958302f4098; expires=Fri, 23-Oct-2020 10:33:30 GMT; Max-Age=7200; path=/
Set-Cookie: core_session=5q0i1obsu1utjdkl724pin3tke1olp14; expires=Fri, 23-Oct-2020 10:33:30 GMT; Max-Age=7200; path=/; HttpOnly
Expires: Thu, 19 Nov 1981 08:52:00 GMT
Cache-Control: no-store, no-cache, must-revalidate
Pragma: no-cache
Transfer-Encoding: chunked
Content-Type: application/json; charset=utf-8
[2020-10-23 16:33:34.604] [info] Storing workspace data to /home/muhrizkiakbar/.config/advanced-rest-client/workspace/workspace.json
[2020-10-23 16:33:36.942] [info] Storing workspace data to /home/muhrizkiakbar/.config/advanced-rest-client/workspace/workspace.json
